number,value,datetime_start,datetime_complete,duration,params_batch_size,params_dropout,params_filters,params_kernel_size,params_learning_rate,params_window_sec,user_attrs_best_epoch,user_attrs_epochs_run,user_attrs_false_auth_rate,user_attrs_validation_accuracy,system_attrs_tpe:relative_params:0,state
0,0.9654183196762878,2026-10-07 23:10:41.863854,2026-10-07 23:11:08.619169,0 days 00:00:26.755315,16,0.3,64,3,0.0005105903209394755,2,2.0,7.0,0.004734848484848485,0.9647058823529412,,COMPLETE
1,0.9687966909839641,2026-10-07 23:11:08.699162,2026-10-07 23:11:24.912948,0 days 00:00:16.213786,64,0.5,32,5,0.0002858051065806936,4,3.0,8.0,0.003875968992248062,0.9682646860229575,,COMPLETE
2,0.978584280994777,2026-10-07 23:11:25.011610,2026-10-07 23:11:42.702647,0 days 00:00:17.691037,32,0.5,64,5,0.00027551959649510803,1,11.0,16.0,0.017790262172284643,0.9788053949903661,,COMPLETE
3,0.9712119321353273,2026-10-07 23:11:42.793104,2026-10-07 23:11:56.071553,0 days 00:00:13.278449,64,0.3,32,7,0.00039618677904065835,1,7.0,12.0,0.012172284644194757,0.9710982658959537,,COMPLETE
4,0.9901759811501362,2026-10-07 23:11:56.197796,2026-10-07 23:12:10.484665,0 days 00:00:14.286869,64,0.3,32,5,0.0009702573394120733,4,13.0,18.0,0.007751937984496124,0.9905469277515192,,COMPLETE
5,0.958765346184108,2026-10-07 23:12:10.589191,2026-10-07 23:12:24.071219,0 days 00:00:13.482028,64,0.2,64,5,0.00020463613363481617,2,,,,,,PRUNED
6,0.97015203043314,2026-10-07 23:12:24.203647,2026-10-07 23:12:38.983863,0 days 00:00:14.780216,32,0.2,64,7,0.00012820100418916918,4,,,,,,PRUNED
7,0.9880887918405908,2026-10-07 23:12:39.125072,2026-10-07 23:12:50.252065,0 days 00:00:11.126993,64,0.3,32,5,0.00042993594547314416,4,6.0,11.0,0.016472868217054265,0.9885212694125591,,COMPLETE
8,0.9642380573293604,2026-10-07 23:12:50.408860,2026-10-07 23:13:01.908317,0 days 00:00:11.499457,64,0.3,32,7,0.0003241509528627275,2,,,,,,PRUNED
9,0.9582970896623522,2026-10-07 23:13:02.072100,2026-10-07 23:13:14.790771,0 days 00:00:12.718671,32,0.3,64,3,0.00019268171109476225,4,,,,,,PRUNED
10,0.9958429345645979,2026-10-07 23:13:15.000081,2026-10-07 23:13:30.806985,0 days 00:00:15.806904,64,0.2,32,5,0.000972063490000485,4,12.0,17.0,0.0048449612403100775,0.9959486833220796,"{""batch_size"": 64, ""dropout"": 0.2, ""filters"": 32, ""kernel_size"": 5, ""learning_rate"": 0.000972063490000485, ""window_sec"": 4}",COMPLETE
11,0.9767715493166128,2026-10-07 23:13:30.983003,2026-10-07 23:13:44.944458,0 days 00:00:13.961455,64,0.3,64,5,0.000972373663750277,4,1.0,6.0,0.015503875968992248,0.9770425388251182,"{""batch_size"": 64, ""dropout"": 0.3, ""filters"": 64, ""kernel_size"": 5, ""learning_rate"": 0.000972373663750277, ""window_sec"": 4}",COMPLETE
12,0.98806351732433,2026-10-07 23:13:45.154534,2026-10-07 23:14:01.504780,0 days 00:00:16.350246,64,0.2,32,5,0.0008690821550301608,4,13.0,18.0,0.006782945736434108,0.9885212694125591,"{""batch_size"": 64, ""dropout"": 0.2, ""filters"": 32, ""kernel_size"": 5, ""learning_rate"": 0.0008690821550301608, ""window_sec"": 4}",COMPLETE
13,0.9723904467770509,2026-10-07 23:14:01.754603,2026-10-07 23:14:10.483214,0 days 00:00:08.728611,64,0.2,32,3,0.0007609679680961647,1,1.0,6.0,0.0009363295880149813,0.9717405266538215,"{""batch_size"": 64, ""dropout"": 0.2, ""filters"": 32, ""kernel_size"": 3, ""learning_rate"": 0.0007609679680961647, ""window_sec"": 1}",COMPLETE
14,0.9770648846910722,2026-10-07 23:14:10.698277,2026-10-07 23:14:27.193709,0 days 00:00:16.495432,32,0.2,32,5,0.0005734127228563031,4,5.0,10.0,0.00872093023255814,0.9770425388251182,"{""batch_size"": 32, ""dropout"": 0.2, ""filters"": 32, ""kernel_size"": 5, ""learning_rate"": 0.0005734127228563031, ""window_sec"": 4}",COMPLETE
15,0.96865348737113,2026-10-07 23:14:27.431189,2026-10-07 23:14:38.523582,0 days 00:00:11.092393,16,0.3,32,5,0.000963276221439771,1,1.0,6.0,0.012172284644194757,0.968529222864483,"{""batch_size"": 16, ""dropout"": 0.3, ""filters"": 32, ""kernel_size"": 5, ""learning_rate"": 0.000963276221439771, ""window_sec"": 1}",COMPLETE
16,0.9915849889624724,2026-10-07 23:14:38.810277,2026-10-07 23:14:48.843180,0 days 00:00:10.032903,64,0.3,32,7,0.0008715822328070919,4,2.0,7.0,0.009689922480620155,0.9918973666441594,"{""batch_size"": 64, ""dropout"": 0.3, ""filters"": 32, ""kernel_size"": 7, ""learning_rate"": 0.0008715822328070919, ""window_sec"": 4}",COMPLETE
17,0.9752016472082112,2026-10-07 23:14:49.078742,2026-10-07 23:15:03.454428,0 days 00:00:14.375686,32,0.3,32,7,0.0007382968825383588,4,7.0,12.0,0.0048449612403100775,0.975016880486158,"{""batch_size"": 32, ""dropout"": 0.3, ""filters"": 32, ""kernel_size"": 7, ""learning_rate"": 0.0007382968825383588, ""window_sec"": 4}",COMPLETE
18,0.9797476317741646,2026-10-07 23:15:03.660505,2026-10-07 23:15:14.899053,0 days 00:00:11.238548,64,0.3,64,7,0.0006283249045869197,4,4.0,9.0,0.011627906976744186,0.9797434166103984,"{""batch_size"": 64, ""dropout"": 0.3, ""filters"": 64, ""kernel_size"": 7, ""learning_rate"": 0.0006283249045869197, ""window_sec"": 4}",COMPLETE
19,0.9913854375949632,2026-10-07 23:15:15.126385,2026-10-07 23:15:28.375245,0 days 00:00:13.248860,64,0.2,32,5,0.0006381955727335456,2,14.0,19.0,0.007575757575757576,0.9915032679738562,"{""batch_size"": 64, ""dropout"": 0.2, ""filters"": 32, ""kernel_size"": 5, ""learning_rate"": 0.0006381955727335456, ""window_sec"": 2}",COMPLETE
