number,value,datetime_start,datetime_complete,duration,params_batch_size,params_dropout,params_learning_rate,params_units,params_window_sec,user_attrs_best_epoch,user_attrs_epochs_run,user_attrs_false_auth_rate,user_attrs_validation_accuracy,system_attrs_tpe:relative_params:0,state
0,0.9835728346907509,2026-10-07 23:15:29.648379,2026-10-07 23:17:03.746208,0 days 00:01:34.097829,16,0.3,0.0005105903209394755,64,2,5.0,10.0,0.013257575757575758,0.9836601307189542,,COMPLETE
1,0.9908878031804944,2026-10-07 23:17:04.004394,2026-10-07 23:17:53.329423,0 days 00:00:49.325029,32,0.3,0.00019594972058679176,128,1,9.0,14.0,0.008426966292134831,0.9910083493898523,,COMPLETE
2,0.99353303229348,2026-10-07 23:17:53.597356,2026-10-07 23:18:29.819497,0 days 00:00:36.222141,32,0.5,0.0006432759992849892,128,4,1.0,6.0,0.0,0.9932478055367995,,COMPLETE
3,0.9923358703497732,2026-10-07 23:18:30.101019,2026-10-07 23:19:13.427787,0 days 00:00:43.326768,32,0.2,0.0003521358805467869,64,4,2.0,7.0,0.009689922480620155,0.9925725860904794,,COMPLETE
4,0.9889721279856992,2026-10-07 23:19:13.690074,2026-10-07 23:20:47.671484,0 days 00:01:33.981410,16,0.5,0.000186788025710707,32,1,10.0,15.0,0.009363295880149813,0.9890815671162492,,COMPLETE
5,0.9562676633019295,2026-10-07 23:20:47.964692,2026-10-07 23:21:28.565657,0 days 00:00:40.600965,32,0.5,0.0005091635945818553,64,4,,,,,,PRUNED
6,0.9857064530260479,2026-10-07 23:21:28.867120,2026-10-07 23:22:42.440907,0 days 00:01:13.573787,16,0.5,0.00043406770118894003,32,4,1.0,6.0,0.0,0.9851451721809588,,COMPLETE
7,0.9688385087788126,2026-10-07 23:22:42.841869,2026-10-07 23:23:37.118365,0 days 00:00:54.276496,16,0.2,0.00010750512925563073,32,2,,,,,,PRUNED
8,0.9889721279856992,2026-10-07 23:23:37.495770,2026-10-07 23:24:16.985797,0 days 00:00:39.490027,16,0.5,0.000642865884883182,64,1,1.0,6.0,0.009363295880149813,0.9890815671162492,,COMPLETE
9,0.9707447357165423,2026-10-07 23:24:17.312224,2026-10-07 23:24:46.682285,0 days 00:00:29.370061,32,0.5,0.0006576801979658926,32,2,,,,,,PRUNED
10,0.9392033694091624,2026-10-07 23:24:47.062017,2026-10-07 23:25:07.219581,0 days 00:00:20.157564,64,0.5,0.0009429927338026761,128,4,,,,,"{""batch_size"": 64, ""dropout"": 0.5, ""learning_rate"": 0.0009429927338026761, ""units"": 128, ""window_sec"": 4}",PRUNED
11,0.9879816862068029,2026-10-07 23:25:07.617581,2026-10-07 23:25:51.909040,0 days 00:00:44.291459,32,0.2,0.0002728744740994443,64,4,2.0,7.0,0.005813953488372093,0.987846049966239,"{""batch_size"": 32, ""dropout"": 0.2, ""learning_rate"": 0.0002728744740994443, ""units"": 64, ""window_sec"": 4}",COMPLETE
12,0.9971937821515122,2026-10-07 23:25:52.285528,2026-10-07 23:27:17.225232,0 days 00:01:24.939704,32,0.3,0.0008850379152651265,128,4,10.0,15.0,0.003875968992248062,0.9972991222147198,"{""batch_size"": 32, ""dropout"": 0.3, ""learning_rate"": 0.0008850379152651265, ""units"": 128, ""window_sec"": 4}",COMPLETE
13,0.9978950972109485,2026-10-07 23:27:17.727742,2026-10-07 23:27:59.551827,0 days 00:00:41.824085,32,0.3,0.0006276920665263281,128,4,2.0,7.0,0.0029069767441860465,0.9979743416610398,"{""batch_size"": 32, ""dropout"": 0.3, ""learning_rate"": 0.0006276920665263281, ""units"": 128, ""window_sec"": 4}",COMPLETE
14,0.9666396293853207,2026-10-07 23:28:00.058537,2026-10-07 23:28:27.131854,0 days 00:00:27.073317,32,0.3,0.0009913989006600289,128,2,,,,,"{""batch_size"": 32, ""dropout"": 0.3, ""learning_rate"": 0.0009913989006600289, ""units"": 128, ""window_sec"": 2}",PRUNED
15,0.990882782043003,2026-10-07 23:28:27.608405,2026-10-07 23:29:13.594193,0 days 00:00:45.985788,32,0.3,0.00035955611208042363,128,4,3.0,8.0,0.009689922480620155,0.9912221471978393,"{""batch_size"": 32, ""dropout"": 0.3, ""learning_rate"": 0.00035955611208042363, ""units"": 128, ""window_sec"": 4}",COMPLETE
16,0.9675173837079772,2026-10-07 23:29:14.048396,2026-10-07 23:29:54.392831,0 days 00:00:40.344435,32,0.3,0.0007476713552015138,32,4,,,,,"{""batch_size"": 32, ""dropout"": 0.3, ""learning_rate"": 0.0007476713552015138, ""units"": 32, ""window_sec"": 4}",PRUNED
17,0.9697312974483934,2026-10-07 23:29:54.864386,2026-10-07 23:31:07.407154,0 days 00:01:12.542768,16,0.3,0.000790839030787194,128,4,,,,,"{""batch_size"": 16, ""dropout"": 0.3, ""learning_rate"": 0.000790839030787194, ""units"": 128, ""window_sec"": 4}",PRUNED
18,0.9883904059504515,2026-10-07 23:31:07.941183,2026-10-07 23:31:30.850472,0 days 00:00:22.909289,32,0.3,0.0005778448771400388,128,1,1.0,6.0,0.009363295880149813,0.9884393063583815,"{""batch_size"": 32, ""dropout"": 0.3, ""learning_rate"": 0.0005778448771400388, ""units"": 128, ""window_sec"": 1}",COMPLETE
19,0.9987071897537273,2026-10-07 23:31:31.370315,2026-10-07 23:31:58.406756,0 days 00:00:27.036441,64,0.3,0.0005090605516528287,128,4,3.0,8.0,0.0,0.9986495611073599,"{""batch_size"": 64, ""dropout"": 0.3, ""learning_rate"": 0.0005090605516528287, ""units"": 128, ""window_sec"": 4}",COMPLETE
