number,value,datetime_start,datetime_complete,duration,params_batch_size,params_dropout,params_filters,params_kernel_size,params_learning_rate,params_window_sec,user_attrs_best_epoch,user_attrs_epochs_run,user_attrs_false_auth_rate,user_attrs_validation_accuracy,system_attrs_tpe:relative_params:0,state
0,0.9142354448651799,2026-10-07 23:32:00.227574,2026-10-07 23:32:20.240242,0 days 00:00:20.012668,16,0.3,64,3,0.0005105903209394755,2,4.0,9.0,0.11174242424242424,0.9157160963244614,,COMPLETE
1,0.9249999999999999,2026-10-07 23:32:20.788146,2026-10-07 23:32:35.051318,0 days 00:00:14.263172,64,0.5,32,5,0.0002858051065806936,4,5.0,10.0,0.10852713178294573,0.9270833333333334,,COMPLETE
2,0.7386379146513379,2026-10-07 23:32:35.610388,2026-10-07 23:32:56.548124,0 days 00:00:20.937736,32,0.5,64,5,0.00027551959649510803,1,15.0,20.0,0.16292134831460675,0.7773608505315822,,COMPLETE
3,0.8932547925758924,2026-10-07 23:32:57.054615,2026-10-07 23:33:09.403851,0 days 00:00:12.349236,64,0.3,32,7,0.00039618677904065835,1,7.0,12.0,0.13202247191011235,0.8961851156973109,,COMPLETE
4,0.8936361765755395,2026-10-07 23:33:09.877964,2026-10-07 23:33:21.862197,0 days 00:00:11.984233,64,0.3,32,5,0.0009702573394120733,4,6.0,11.0,0.10852713178294573,0.8971354166666666,,COMPLETE
5,0.828475510984321,2026-10-07 23:33:22.429389,2026-10-07 23:33:31.834770,0 days 00:00:09.405381,64,0.2,64,5,0.00020463613363481617,2,,,,,,PRUNED
6,0.8450871627043481,2026-10-07 23:33:32.359580,2026-10-07 23:33:43.874106,0 days 00:00:11.514526,32,0.2,64,7,0.00012820100418916918,4,,,,,,PRUNED
7,0.9243803171334308,2026-10-07 23:33:44.504215,2026-10-07 23:33:56.121949,0 days 00:00:11.617734,64,0.3,32,5,0.00042993594547314416,4,4.0,9.0,0.10755813953488372,0.9264322916666666,,COMPLETE
8,0.9066152691993178,2026-10-07 23:33:56.738744,2026-10-07 23:34:12.341156,0 days 00:00:15.602412,64,0.3,32,7,0.0003241509528627275,2,11.0,16.0,0.1268939393939394,0.908745247148289,,COMPLETE
9,0.9182667575877209,2026-10-07 23:34:12.937761,2026-10-07 23:34:27.797186,0 days 00:00:14.859425,32,0.3,64,3,0.00019268171109476225,4,5.0,10.0,0.11434108527131782,0.9205729166666666,,COMPLETE
10,0.9250331685199867,2026-10-07 23:34:28.388704,2026-10-07 23:34:40.885661,0 days 00:00:12.496957,64,0.5,32,5,0.00017823762709326006,4,5.0,10.0,0.10755813953488372,0.9270833333333334,"{""batch_size"": 64, ""dropout"": 0.5, ""filters"": 32, ""kernel_size"": 5, ""learning_rate"": 0.00017823762709326006, ""window_sec"": 4}",COMPLETE
11,0.9256861567154142,2026-10-07 23:34:41.581682,2026-10-07 23:34:54.221039,0 days 00:00:12.639357,64,0.5,32,5,0.00012620647064692653,4,6.0,11.0,0.10755813953488372,0.927734375,"{""batch_size"": 64, ""dropout"": 0.5, ""filters"": 32, ""kernel_size"": 5, ""learning_rate"": 0.00012620647064692653, ""window_sec"": 4}",COMPLETE
12,0.9256861567154142,2026-10-07 23:34:54.858903,2026-10-07 23:35:07.341420,0 days 00:00:12.482517,64,0.5,32,5,0.00010887218328733276,4,6.0,11.0,0.10755813953488372,0.927734375,"{""batch_size"": 64, ""dropout"": 0.5, ""filters"": 32, ""kernel_size"": 5, ""learning_rate"": 0.00010887218328733276, ""window_sec"": 4}",COMPLETE
13,0.8730515111828198,2026-10-07 23:35:08.081835,2026-10-07 23:35:17.604798,0 days 00:00:09.522963,64,0.5,32,3,0.0001085838490287807,1,,,,,"{""batch_size"": 64, ""dropout"": 0.5, ""filters"": 32, ""kernel_size"": 3, ""learning_rate"": 0.0001085838490287807, ""window_sec"": 1}",PRUNED
14,0.9132570064786062,2026-10-07 23:35:18.308769,2026-10-07 23:35:38.837999,0 days 00:00:20.529230,16,0.5,32,5,0.00010037800288348535,4,6.0,11.0,0.10755813953488372,0.9166666666666666,"{""batch_size"": 16, ""dropout"": 0.5, ""filters"": 32, ""kernel_size"": 5, ""learning_rate"": 0.00010037800288348535, ""window_sec"": 4}",COMPLETE
15,0.813556458295463,2026-10-07 23:35:39.511121,2026-10-07 23:35:50.004506,0 days 00:00:10.493385,64,0.3,64,5,0.00012472369596146546,4,,,,,"{""batch_size"": 64, ""dropout"": 0.3, ""filters"": 64, ""kernel_size"": 5, ""learning_rate"": 0.00012472369596146546, ""window_sec"": 4}",PRUNED
16,0.7799969643099033,2026-10-07 23:35:50.684371,2026-10-07 23:36:04.865813,0 days 00:00:14.181442,16,0.5,32,5,0.00018490862120352226,2,,,,,"{""batch_size"": 16, ""dropout"": 0.5, ""filters"": 32, ""kernel_size"": 5, ""learning_rate"": 0.00018490862120352226, ""window_sec"": 2}",PRUNED
17,0.9166662530632754,2026-10-07 23:36:05.536340,2026-10-07 23:36:22.391594,0 days 00:00:16.855254,64,0.5,32,7,0.00013169006183418253,4,14.0,19.0,0.11724806201550388,0.9192708333333334,"{""batch_size"": 64, ""dropout"": 0.5, ""filters"": 32, ""kernel_size"": 7, ""learning_rate"": 0.00013169006183418253, ""window_sec"": 4}",COMPLETE
18,0.9160967590715897,2026-10-07 23:36:23.075345,2026-10-07 23:36:38.936717,0 days 00:00:15.861372,32,0.5,32,5,0.00014710563050722287,1,9.0,14.0,0.10955056179775281,0.9180737961225766,"{""batch_size"": 32, ""dropout"": 0.5, ""filters"": 32, ""kernel_size"": 5, ""learning_rate"": 0.00014710563050722287, ""window_sec"": 1}",COMPLETE
19,0.923772366859147,2026-10-07 23:36:39.658467,2026-10-07 23:36:51.314934,0 days 00:00:11.656467,64,0.3,32,5,0.00015435333164969203,2,7.0,12.0,0.10890151515151515,0.9252217997465145,"{""batch_size"": 64, ""dropout"": 0.3, ""filters"": 32, ""kernel_size"": 5, ""learning_rate"": 0.00015435333164969203, ""window_sec"": 2}",COMPLETE
