number,value,datetime_start,datetime_complete,duration,params_batch_size,params_dropout,params_learning_rate,params_units,params_window_sec,user_attrs_best_epoch,user_attrs_epochs_run,user_attrs_false_auth_rate,user_attrs_validation_accuracy,system_attrs_tpe:relative_params:0,state
0,0.8666261627461261,2026-10-07 23:36:53.552950,2026-10-07 23:38:01.338167,0 days 00:01:07.785217,16,0.3,0.0005105903209394755,64,2,2.0,7.0,0.11079545454545454,0.8688212927756654,,COMPLETE
1,0.9172278338945006,2026-10-07 23:38:02.119019,2026-10-07 23:38:45.285396,0 days 00:00:43.166377,32,0.3,0.00019594972058679176,128,1,6.0,11.0,0.1198501872659176,0.9186991869918699,,COMPLETE
2,0.8996621190681724,2026-10-07 23:38:46.032145,2026-10-07 23:40:05.614775,0 days 00:01:19.582630,32,0.5,0.0006432759992849892,128,4,9.0,14.0,0.1065891472868217,0.9016927083333334,,COMPLETE
3,0.8599876747451282,2026-10-07 23:40:06.345003,2026-10-07 23:41:51.661899,0 days 00:01:45.316896,32,0.2,0.0003521358805467869,64,4,12.0,17.0,0.11627906976744186,0.865234375,,COMPLETE
4,0.8919247846361946,2026-10-07 23:41:52.407074,2026-10-07 23:43:13.837525,0 days 00:01:21.430451,16,0.5,0.000186788025710707,32,1,6.0,11.0,0.11235955056179775,0.8955597248280175,,COMPLETE
5,0.9061839074663068,2026-10-07 23:43:14.569822,2026-10-07 23:44:11.478263,0 days 00:00:56.908441,32,0.5,0.0005091635945818553,64,4,4.0,9.0,0.11918604651162791,0.9088541666666666,,COMPLETE
6,0.7212961989065673,2026-10-07 23:44:12.227505,2026-10-07 23:45:26.972024,0 days 00:01:14.744519,16,0.5,0.00043406770118894003,32,4,,,,,,PRUNED
7,0.8230320561239356,2026-10-07 23:45:27.720832,2026-10-07 23:46:21.595658,0 days 00:00:53.874826,16,0.2,0.00010750512925563073,32,2,,,,,,PRUNED
8,0.8669040309571331,2026-10-07 23:46:22.363889,2026-10-07 23:47:06.449492,0 days 00:00:44.085603,16,0.5,0.000642865884883182,64,1,,,,,,PRUNED
9,0.909198131530761,2026-10-07 23:47:07.227134,2026-10-07 23:48:03.496564,0 days 00:00:56.269430,32,0.5,0.0006576801979658926,32,2,7.0,12.0,0.11742424242424243,0.9119138149556401,,COMPLETE
10,0.9150674826414379,2026-10-07 23:48:04.273433,2026-10-07 23:48:57.453633,0 days 00:00:53.180200,32,0.3,0.00019753552945417696,128,1,9.0,14.0,0.11142322097378277,0.9161976235146967,"{""batch_size"": 32, ""dropout"": 0.3, ""learning_rate"": 0.00019753552945417696, ""units"": 128, ""window_sec"": 1}",COMPLETE
11,0.8944257502556282,2026-10-07 23:48:58.228032,2026-10-07 23:49:37.096242,0 days 00:00:38.868210,32,0.3,0.00017868290063606396,128,1,5.0,10.0,0.11142322097378277,0.8961851156973109,"{""batch_size"": 32, ""dropout"": 0.3, ""learning_rate"": 0.00017868290063606396, ""units"": 128, ""window_sec"": 1}",COMPLETE
12,0.9076150902904861,2026-10-07 23:49:37.999156,2026-10-07 23:51:04.995087,0 days 00:01:26.995931,16,0.3,0.00025445065415033186,128,4,2.0,7.0,0.12790697674418605,0.9108072916666666,"{""batch_size"": 16, ""dropout"": 0.3, ""learning_rate"": 0.00025445065415033186, ""units"": 128, ""window_sec"": 4}",COMPLETE
13,0.910029626955923,2026-10-07 23:51:05.872747,2026-10-07 23:51:40.729156,0 days 00:00:34.856409,64,0.2,0.00017612435223720332,128,1,12.0,17.0,0.1104868913857678,0.9124452782989368,"{""batch_size"": 64, ""dropout"": 0.2, ""learning_rate"": 0.00017612435223720332, ""units"": 128, ""window_sec"": 1}",COMPLETE
14,0.9137746650047435,2026-10-07 23:51:41.593104,2026-10-07 23:52:31.184487,0 days 00:00:49.591383,32,0.3,0.00029524590469447816,128,1,8.0,13.0,0.1104868913857678,0.9149468417761101,"{""batch_size"": 32, ""dropout"": 0.3, ""learning_rate"": 0.00029524590469447816, ""units"": 128, ""window_sec"": 1}",COMPLETE
15,0.9206006716196297,2026-10-07 23:52:32.046951,2026-10-07 23:53:40.209879,0 days 00:01:08.162928,32,0.3,0.00011566686840960344,128,1,14.0,19.0,0.11235955056179775,0.9218261413383365,"{""batch_size"": 32, ""dropout"": 0.3, ""learning_rate"": 0.00011566686840960344, ""units"": 128, ""window_sec"": 1}",COMPLETE
16,0.9161813696145549,2026-10-07 23:53:41.066679,2026-10-07 23:54:41.049653,0 days 00:00:59.982974,32,0.5,0.00012679785094488693,64,1,11.0,16.0,0.11235955056179775,0.9174484052532833,"{""batch_size"": 32, ""dropout"": 0.5, ""learning_rate"": 0.00012679785094488693, ""units"": 64, ""window_sec"": 1}",COMPLETE
17,0.8792016308728013,2026-10-07 23:54:41.918358,2026-10-07 23:55:28.977554,0 days 00:00:47.059196,32,0.5,0.00012200255386906072,128,4,,,,,"{""batch_size"": 32, ""dropout"": 0.5, ""learning_rate"": 0.00012200255386906072, ""units"": 128, ""window_sec"": 4}",PRUNED
18,0.9109135386268775,2026-10-07 23:55:29.841789,2026-10-07 23:56:11.379871,0 days 00:00:41.538082,32,0.2,0.0001080064322955233,128,1,6.0,11.0,0.11610486891385768,0.9124452782989368,"{""batch_size"": 32, ""dropout"": 0.2, ""learning_rate"": 0.0001080064322955233, ""units"": 128, ""window_sec"": 1}",COMPLETE
19,0.8884259795965685,2026-10-07 23:56:12.302295,2026-10-07 23:57:31.070402,0 days 00:01:18.768107,16,0.3,0.00011301791273054307,128,1,,,,,"{""batch_size"": 16, ""dropout"": 0.3, ""learning_rate"": 0.00011301791273054307, ""units"": 128, ""window_sec"": 1}",PRUNED
