number,value,datetime_start,datetime_complete,duration,params_batch_size,params_dropout,params_filters,params_kernel_size,params_learning_rate,params_window_sec,user_attrs_best_epoch,user_attrs_epochs_run,user_attrs_false_auth_rate,user_attrs_validation_accuracy,system_attrs_tpe:relative_params:0,state
0,0.7963460340155365,2026-10-07 23:57:33.764704,2026-10-07 23:57:50.421947,0 days 00:00:16.657243,16,0.3,64,3,0.0005105903209394755,2,1,6,0.17115384615384616,0.7996158770806658,,COMPLETE
1,0.829402341189064,2026-10-07 23:57:51.343385,2026-10-07 23:58:07.523545,0 days 00:00:16.180160,64,0.5,32,5,0.0002858051065806936,4,2,7,0.05643564356435644,0.8355350066050198,,COMPLETE
2,0.8250157485826275,2026-10-07 23:58:08.448028,2026-10-07 23:58:21.811874,0 days 00:00:13.363846,32,0.5,64,5,0.00027551959649510803,1,1,6,0.10132575757575757,0.8267170762444864,,COMPLETE
3,0.8352340114953015,2026-10-07 23:58:22.749737,2026-10-07 23:58:36.306854,0 days 00:00:13.557117,64,0.3,32,7,0.00039618677904065835,1,3,8,0.07859848484848485,0.8374291115311909,,COMPLETE
4,0.7869572158365262,2026-10-07 23:58:37.267471,2026-10-07 23:58:49.246130,0 days 00:00:11.978659,64,0.3,32,5,0.0009702573394120733,4,2,7,0.11584158415841585,0.7926023778071334,,COMPLETE
5,0.8067719270954862,2026-10-07 23:58:50.282547,2026-10-07 23:59:03.616348,0 days 00:00:13.333801,64,0.2,64,5,0.00020463613363481617,2,1,6,0.05096153846153846,0.8143405889884763,,COMPLETE
6,0.833277257567209,2026-10-07 23:59:04.583119,2026-10-07 23:59:20.099148,0 days 00:00:15.516029,32,0.2,64,7,0.00012820100418916918,4,1,6,0.07128712871287128,0.8381770145310435,,COMPLETE
7,0.8241285368895578,2026-10-07 23:59:21.069568,2026-10-07 23:59:33.251058,0 days 00:00:12.181490,64,0.3,32,5,0.00042993594547314416,4,2,7,0.054455445544554455,0.8309114927344782,,COMPLETE
8,0.8263480180439582,2026-10-07 23:59:34.195216,2026-10-07 23:59:48.462872,0 days 00:00:14.267656,64,0.3,32,7,0.0003241509528627275,2,2,7,0.06057692307692308,0.8309859154929577,,COMPLETE
9,0.841969408219327,2026-10-07 23:59:49.479337,2026-10-08 00:00:03.135198,0 days 00:00:13.655861,32,0.3,64,3,0.00019268171109476225,4,1,6,0.07722772277227723,0.8461030383091149,,COMPLETE
10,0.8602330779054917,2026-10-08 00:00:04.157630,2026-10-08 00:00:18.330723,0 days 00:00:14.173093,32,0.3,64,3,0.0007518875242065722,4,2,7,0.062376237623762376,0.8639365918097754,"{""batch_size"": 32, ""dropout"": 0.3, ""filters"": 64, ""kernel_size"": 3, ""learning_rate"": 0.0007518875242065722, ""window_sec"": 4}",COMPLETE
11,0.8242055442866801,2026-10-08 00:00:19.408309,2026-10-08 00:00:33.527401,0 days 00:00:14.119092,32,0.3,64,3,0.00010754345156322912,4,1,6,0.11782178217821782,0.8282694848084544,"{""batch_size"": 32, ""dropout"": 0.3, ""filters"": 64, ""kernel_size"": 3, ""learning_rate"": 0.00010754345156322912, ""window_sec"": 4}",COMPLETE
12,0.8413031413031412,2026-10-08 00:00:34.546036,2026-10-08 00:00:47.906023,0 days 00:00:13.359987,32,0.3,64,3,0.0009756338571108042,4,1,6,0.05148514851485148,0.8467635402906208,"{""batch_size"": 32, ""dropout"": 0.3, ""filters"": 64, ""kernel_size"": 3, ""learning_rate"": 0.0009756338571108042, ""window_sec"": 4}",COMPLETE
13,0.8312079707653929,2026-10-08 00:00:48.951257,2026-10-08 00:01:02.659852,0 days 00:00:13.708595,32,0.3,64,3,0.0003553069601727795,4,1,6,0.07227722772277227,0.8361955085865258,"{""batch_size"": 32, ""dropout"": 0.3, ""filters"": 64, ""kernel_size"": 3, ""learning_rate"": 0.0003553069601727795, ""window_sec"": 4}",COMPLETE
14,0.83559397474641,2026-10-08 00:01:03.686065,2026-10-08 00:01:17.599656,0 days 00:00:13.913591,32,0.3,64,3,0.00022139344639520356,4,1,6,0.07524752475247524,0.8401585204755614,"{""batch_size"": 32, ""dropout"": 0.3, ""filters"": 64, ""kernel_size"": 3, ""learning_rate"": 0.00022139344639520356, ""window_sec"": 4}",COMPLETE
15,0.8374080402191099,2026-10-08 00:01:18.634921,2026-10-08 00:01:33.355353,0 days 00:00:14.720432,32,0.3,64,3,0.0005470532710992306,4,1,6,0.05742574257425743,0.8428005284015853,"{""batch_size"": 32, ""dropout"": 0.3, ""filters"": 64, ""kernel_size"": 3, ""learning_rate"": 0.0005470532710992306, ""window_sec"": 4}",COMPLETE
16,0.8074285027181308,2026-10-08 00:01:34.520924,2026-10-08 00:01:53.781331,0 days 00:00:19.260407,32,0.5,64,3,0.0006653564612979319,2,8,13,0.1625,0.8104993597951344,"{""batch_size"": 32, ""dropout"": 0.5, ""filters"": 64, ""kernel_size"": 3, ""learning_rate"": 0.0006653564612979319, ""window_sec"": 2}",COMPLETE
17,0.8207021386759282,2026-10-08 00:01:54.806535,2026-10-08 00:02:20.915240,0 days 00:00:26.108705,16,0.5,64,3,0.0001599537282793281,4,8,13,0.17227722772277226,0.8269484808454426,"{""batch_size"": 16, ""dropout"": 0.5, ""filters"": 64, ""kernel_size"": 3, ""learning_rate"": 0.0001599537282793281, ""window_sec"": 4}",COMPLETE
18,0.8399749164428174,2026-10-08 00:02:21.978629,2026-10-08 00:02:37.444653,0 days 00:00:15.466024,32,0.3,32,7,0.00024252197209206748,4,1,6,0.06435643564356436,0.844782034346103,"{""batch_size"": 32, ""dropout"": 0.3, ""filters"": 32, ""kernel_size"": 7, ""learning_rate"": 0.00024252197209206748, ""window_sec"": 4}",COMPLETE
19,0.826472247671993,2026-10-08 00:02:38.567151,2026-10-08 00:02:52.596986,0 days 00:00:14.029835,32,0.2,64,7,0.000659706324278376,4,2,7,0.07623762376237624,0.8315719947159842,"{""batch_size"": 32, ""dropout"": 0.2, ""filters"": 64, ""kernel_size"": 7, ""learning_rate"": 0.000659706324278376, ""window_sec"": 4}",COMPLETE
