number,value,datetime_start,datetime_complete,duration,params_batch_size,params_dropout,params_learning_rate,params_units,params_window_sec,user_attrs_best_epoch,user_attrs_epochs_run,user_attrs_false_auth_rate,user_attrs_validation_accuracy,system_attrs_tpe:relative_params:0,state
0,0.7951351034523181,2026-10-08 00:02:55.501224,2026-10-08 00:04:12.302078,0 days 00:01:16.800854,16,0.3,0.0005105903209394755,64,2,3.0,8.0,0.051923076923076926,0.8040973111395646,,COMPLETE
1,0.8474945533769063,2026-10-08 00:04:13.397447,2026-10-08 00:04:49.571446,0 days 00:00:36.173999,32,0.3,0.00019594972058679176,128,1,4.0,9.0,0.09375,0.8487712665406427,,COMPLETE
2,0.8400213400213401,2026-10-08 00:04:50.652773,2026-10-08 00:05:50.451580,0 days 00:00:59.798807,32,0.5,0.0006432759992849892,128,4,5.0,10.0,0.08118811881188119,0.8441215323645971,,COMPLETE
3,0.8142411675292233,2026-10-08 00:05:51.561722,2026-10-08 00:06:52.865323,0 days 00:01:01.303601,32,0.2,0.0003521358805467869,64,4,4.0,9.0,0.06633663366336634,0.821003963011889,,COMPLETE
4,0.8246983032392704,2026-10-08 00:06:53.956368,2026-10-08 00:08:23.282947,0 days 00:01:29.326579,16,0.5,0.000186788025710707,32,1,7.0,12.0,0.11553030303030302,0.8260869565217391,,COMPLETE
5,0.7388828514347187,2026-10-08 00:08:24.426779,2026-10-08 00:09:04.791769,0 days 00:00:40.364990,32,0.5,0.0005091635945818553,64,4,,,,,,PRUNED
6,0.8549920281488812,2026-10-08 00:09:05.923925,2026-10-08 00:11:43.000718,0 days 00:02:37.076793,16,0.5,0.00043406770118894003,32,4,7.0,12.0,0.07227722772277227,0.8586525759577279,,COMPLETE
7,0.8282118853936833,2026-10-08 00:11:44.168664,2026-10-08 00:13:09.339862,0 days 00:01:25.171198,16,0.2,0.00010750512925563073,32,2,4.0,9.0,0.07692307692307693,0.8316261203585147,,COMPLETE
8,0.7818214861764238,2026-10-08 00:13:10.492740,2026-10-08 00:13:58.070424,0 days 00:00:47.577684,16,0.5,0.000642865884883182,64,1,,,,,,PRUNED
9,0.8406864784973238,2026-10-08 00:13:59.235756,2026-10-08 00:14:37.843094,0 days 00:00:38.607338,32,0.5,0.0006576801979658926,32,2,2.0,7.0,0.057692307692307696,0.8444302176696543,,COMPLETE
10,0.7638888888888888,2026-10-08 00:14:39.016206,2026-10-08 00:15:57.888921,0 days 00:01:18.872715,16,0.5,0.0002951091394343875,32,4,,,,,"{""batch_size"": 16, ""dropout"": 0.5, ""learning_rate"": 0.0002951091394343875, ""units"": 32, ""window_sec"": 4}",PRUNED
11,0.8302654270926894,2026-10-08 00:15:59.101118,2026-10-08 00:16:35.882062,0 days 00:00:36.780944,32,0.3,0.0001881295484217377,128,1,4.0,9.0,0.10321969696969698,0.831758034026465,"{""batch_size"": 32, ""dropout"": 0.3, ""learning_rate"": 0.0001881295484217377, ""units"": 128, ""window_sec"": 1}",COMPLETE
12,0.7903744993276206,2026-10-08 00:16:37.078829,2026-10-08 00:17:51.364709,0 days 00:01:14.285880,16,0.3,0.00012625847549616883,128,4,,,,,"{""batch_size"": 16, ""dropout"": 0.3, ""learning_rate"": 0.00012625847549616883, ""units"": 128, ""window_sec"": 4}",PRUNED
13,0.8405721393034825,2026-10-08 00:17:52.620481,2026-10-08 00:19:24.150508,0 days 00:01:31.530027,16,0.5,0.0008765696668831305,32,4,2.0,7.0,0.062376237623762376,0.845442536327609,"{""batch_size"": 16, ""dropout"": 0.5, ""learning_rate"": 0.0008765696668831305, ""units"": 32, ""window_sec"": 4}",COMPLETE
14,0.8357560677492578,2026-10-08 00:19:25.376159,2026-10-08 00:19:57.840704,0 days 00:00:32.464545,32,0.3,0.0008952323324849778,128,1,3.0,8.0,0.09090909090909091,0.8374291115311909,"{""batch_size"": 32, ""dropout"": 0.3, ""learning_rate"": 0.0008952323324849778, ""units"": 128, ""window_sec"": 1}",COMPLETE
15,0.8221810314646537,2026-10-08 00:19:59.070755,2026-10-08 00:20:18.202239,0 days 00:00:19.131484,64,0.3,0.000222748744108459,128,2,1.0,6.0,0.06923076923076923,0.8265044814340589,"{""batch_size"": 64, ""dropout"": 0.3, ""learning_rate"": 0.000222748744108459, ""units"": 128, ""window_sec"": 2}",COMPLETE
16,0.7826797385620915,2026-10-08 00:20:19.450689,2026-10-08 00:20:49.589913,0 days 00:00:30.139224,32,0.3,0.0004660590430564988,128,1,,,,,"{""batch_size"": 32, ""dropout"": 0.3, ""learning_rate"": 0.0004660590430564988, ""units"": 128, ""window_sec"": 1}",PRUNED
17,0.8140480635864412,2026-10-08 00:20:50.902758,2026-10-08 00:21:30.244552,0 days 00:00:39.341794,32,0.5,0.00012200255386906072,128,4,1.0,6.0,0.12079207920792079,0.8183619550858653,"{""batch_size"": 32, ""dropout"": 0.5, ""learning_rate"": 0.00012200255386906072, ""units"": 128, ""window_sec"": 4}",COMPLETE
18,0.7656018171077097,2026-10-08 00:21:31.575114,2026-10-08 00:22:01.348574,0 days 00:00:29.773460,32,0.2,0.00010738548846672635,128,1,,,,,"{""batch_size"": 32, ""dropout"": 0.2, ""learning_rate"": 0.00010738548846672635, ""units"": 128, ""window_sec"": 1}",PRUNED
19,0.7757996042241496,2026-10-08 00:22:02.651321,2026-10-08 00:22:32.745524,0 days 00:00:30.094203,32,0.3,0.00010124318675608982,64,1,,,,,"{""batch_size"": 32, ""dropout"": 0.3, ""learning_rate"": 0.00010124318675608982, ""units"": 64, ""window_sec"": 1}",PRUNED
