[I 2026-10-08 00:01:53,791] Trial 16 finished with value: 0.8074285027181308 and parameters: {'window_sec': 2, 'batch_size': 32, 'dropout': 0.5, 'learning_rate': 0.0006653564612979319, 'filters': 64, 'kernel_size': 3}. Best is trial 10 with value: 0.8602330779054917.
[I 2026-10-08 00:02:20,937] Trial 17 finished with value: 0.8207021386759282 and parameters: {'window_sec': 4, 'batch_size': 16, 'dropout': 0.5, 'learning_rate': 0.0001599537282793281, 'filters': 64, 'kernel_size': 3}. Best is trial 10 with value: 0.8602330779054917.
[I 2026-10-08 00:02:37,477] Trial 18 finished with value: 0.8399749164428174 and parameters: {'window_sec': 4, 'batch_size': 32, 'dropout': 0.3, 'learning_rate': 0.00024252197209206748, 'filters': 32, 'kernel_size': 7}. Best is trial 10 with value: 0.8602330779054917.
[I 2026-10-08 00:02:52,614] Trial 19 finished with value: 0.826472247671993 and parameters: {'window_sec': 4, 'batch_size': 32, 'dropout': 0.2, 'learning_rate': 0.000659706324278376, 'filters': 64, 'kernel_size': 7}. Best is trial 10 with value: 0.8602330779054917.
C cnn: best validation Macro F1=0.8602
[I 2026-10-08 00:02:55,493] A new study created in RDB with name: C_lstm
[I 2026-10-08 00:04:12,323] Trial 0 finished with value: 0.7951351034523181 and parameters: {'window_sec': 2, 'batch_size': 16, 'dropout': 0.3, 'learning_rate': 0.0005105903209394755, 'units': 64}. Best is trial 0 with value: 0.7951351034523181.
[I 2026-10-08 00:04:49,592] Trial 1 finished with value: 0.8474945533769063 and parameters: {'window_sec': 1, 'batch_size': 32, 'dropout': 0.3, 'learning_rate': 0.00019594972058679176, 'units': 128}. Best is trial 1 with value: 0.8474945533769063.
[I 2026-10-08 00:05:50,470] Trial 2 finished with value: 0.8400213400213401 and parameters: {'window_sec': 4, 'batch_size': 32, 'dropout': 0.5, 'learning_rate': 0.0006432759992849892, 'units': 128}. Best is trial 1 with value: 0.8474945533769063.
[I 2026-10-08 00:06:52,871] Trial 3 finished with value: 0.8142411675292233 and parameters: {'window_sec': 4, 'batch_size': 32, 'dropout': 0.2, 'learning_rate': 0.0003521358805467869, 'units': 64}. Best is trial 1 with value: 0.8474945533769063.
[I 2026-10-08 00:08:23,301] Trial 4 finished with value: 0.8246983032392704 and parameters: {'window_sec': 1, 'batch_size': 16, 'dropout': 0.5, 'learning_rate': 0.000186788025710707, 'units': 32}. Best is trial 1 with value: 0.8474945533769063.
[I 2026-10-08 00:09:04,797] Trial 5 pruned. epoch 6: validation Macro F1=0.7389
[I 2026-10-08 00:11:43,025] Trial 6 finished with value: 0.8549920281488812 and parameters: {'window_sec': 4, 'batch_size': 16, 'dropout': 0.5, 'learning_rate': 0.00043406770118894003, 'units': 32}. Best is trial 6 with value: 0.8549920281488812.
[I 2026-10-08 00:13:09,358] Trial 7 finished with value: 0.8282118853936833 and parameters: {'window_sec': 2, 'batch_size': 16, 'dropout': 0.2, 'learning_rate': 0.00010750512925563073, 'units': 32}. Best is trial 6 with value: 0.8549920281488812.
[I 2026-10-08 00:13:58,074] Trial 8 pruned. epoch 6: validation Macro F1=0.7818
[I 2026-10-08 00:14:37,848] Trial 9 finished with value: 0.8406864784973238 and parameters: {'window_sec': 2, 'batch_size': 32, 'dropout': 0.5, 'learning_rate': 0.0006576801979658926, 'units': 32}. Best is trial 6 with value: 0.8549920281488812.
[I 2026-10-08 00:15:57,894] Trial 10 pruned. epoch 6: validation Macro F1=0.7639
[I 2026-10-08 00:16:35,900] Trial 11 finished with value: 0.8302654270926894 and parameters: {'window_sec': 1, 'batch_size': 32, 'dropout': 0.3, 'learning_rate': 0.0001881295484217377, 'units': 128}. Best is trial 6 with value: 0.8549920281488812.
[I 2026-10-08 00:17:51,391] Trial 12 pruned. epoch 6: validation Macro F1=0.7904
[I 2026-10-08 00:19:24,159] Trial 13 finished with value: 0.8405721393034825 and parameters: {'window_sec': 4, 'batch_size': 16, 'dropout': 0.5, 'learning_rate': 0.0008765696668831305, 'units': 32}. Best is trial 6 with value: 0.8549920281488812.
[I 2026-10-08 00:19:57,845] Trial 14 finished with value: 0.8357560677492578 and parameters: {'window_sec': 1, 'batch_size': 32, 'dropout': 0.3, 'learning_rate': 0.0008952323324849778, 'units': 128}. Best is trial 6 with value: 0.8549920281488812.
[I 2026-10-08 00:20:18,220] Trial 15 finished with value: 0.8221810314646537 and parameters: {'window_sec': 2, 'batch_size': 64, 'dropout': 0.3, 'learning_rate': 0.000222748744108459, 'units': 128}. Best is trial 6 with value: 0.8549920281488812.
[I 2026-10-08 00:20:49,631] Trial 16 pruned. epoch 7: validation Macro F1=0.7827
[I 2026-10-08 00:21:30,263] Trial 17 finished with value: 0.8140480635864412 and parameters: {'window_sec': 4, 'batch_size': 32, 'dropout': 0.5, 'learning_rate': 0.00012200255386906072, 'units': 128}. Best is trial 6 with value: 0.8549920281488812.
[I 2026-10-08 00:22:01,357] Trial 18 pruned. epoch 7: validation Macro F1=0.7656
[I 2026-10-08 00:22:32,762] Trial 19 pruned. epoch 7: validation Macro F1=0.7758
C lstm: best validation Macro F1=0.8550
