number,value,datetime_start,datetime_complete,duration,params_batch_size,params_dropout,params_filters,params_kernel_size,params_learning_rate,params_window_sec,user_attrs_best_epoch,user_attrs_epochs_run,user_attrs_false_auth_rate,user_attrs_validation_accuracy,system_attrs_tpe:relative_params:0,state
0,0.9312243434610625,2026-10-07 18:29:22.615781,2026-10-07 18:29:57.515308,0 days 00:00:34.899527,16,0.3,64,3,0.0005105903209394755,2,3,8,0.008708272859216255,0.9329797492767599,,COMPLETE
1,0.9139383211705394,2026-10-07 18:29:57.651603,2026-10-07 18:30:15.990571,0 days 00:00:18.338968,64,0.5,32,5,0.0002858051065806936,4,1,6,0.09715994020926756,0.9164179104477612,,COMPLETE
2,0.8903215506861036,2026-10-07 18:30:16.104564,2026-10-07 18:30:31.438533,0 days 00:00:15.333969,32,0.5,64,5,0.00027551959649510803,1,2,7,0.08909479686386315,0.891994315490289,,COMPLETE
3,0.916987215605675,2026-10-07 18:30:31.575823,2026-10-07 18:30:42.432749,0 days 00:00:10.856926,64,0.3,32,7,0.00039618677904065835,1,1,6,0.06058446186742694,0.9180483183325439,,COMPLETE
4,0.8826473025869199,2026-10-07 18:30:42.534356,2026-10-07 18:30:52.778519,0 days 00:00:10.244163,64,0.3,32,5,0.0009702573394120733,4,1,6,0.09267563527653214,0.8860696517412935,,COMPLETE
5,0.8916200970273658,2026-10-07 18:30:52.942900,2026-10-07 18:31:07.796036,0 days 00:00:14.853136,64,0.2,64,5,0.00020463613363481617,2,3,8,0.10449927431059507,0.8924783027965284,,COMPLETE
6,0.8868639821165315,2026-10-07 18:31:07.905556,2026-10-07 18:31:24.528879,0 days 00:00:16.623323,32,0.2,64,7,0.00012820100418916918,4,3,8,0.08968609865470852,0.8895522388059701,,COMPLETE
7,0.8883300852842096,2026-10-07 18:31:24.707101,2026-10-07 18:31:35.465226,0 days 00:00:10.758125,64,0.3,32,5,0.00042993594547314416,4,2,7,0.08669656203288491,0.891542288557214,,COMPLETE
8,0.9052413355210325,2026-10-07 18:31:35.663952,2026-10-07 18:31:47.853077,0 days 00:00:12.189125,64,0.3,32,7,0.0003241509528627275,2,2,7,0.08563134978229318,0.9069431051108968,,COMPLETE
9,0.9136269358352411,2026-10-07 18:31:47.998789,2026-10-07 18:32:02.324325,0 days 00:00:14.325536,32,0.3,64,3,0.00019268171109476225,4,4,9,0.08744394618834081,0.9159203980099503,,COMPLETE
10,0.9451110648898008,2026-10-07 18:32:02.521704,2026-10-07 18:32:17.079545,0 days 00:00:14.557841,16,0.3,64,3,0.0006025191457817103,2,2,7,0.04354136429608128,0.9455159112825458,"{""batch_size"": 16, ""dropout"": 0.3, ""filters"": 64, ""kernel_size"": 3, ""learning_rate"": 0.0006025191457817103, ""window_sec"": 2}",COMPLETE
11,0.930832539925647,2026-10-07 18:32:17.218914,2026-10-07 18:32:31.577905,0 days 00:00:14.358991,16,0.3,64,3,0.00063627465262903,2,2,7,0.059506531204644414,0.9310511089681774,"{""batch_size"": 16, ""dropout"": 0.3, ""filters"": 64, ""kernel_size"": 3, ""learning_rate"": 0.00063627465262903, ""window_sec"": 2}",COMPLETE
12,0.9162472410795709,2026-10-07 18:32:31.732687,2026-10-07 18:32:52.743677,0 days 00:00:21.010990,16,0.5,64,3,0.0005454639898212328,4,4,9,0.08744394618834081,0.918407960199005,"{""batch_size"": 16, ""dropout"": 0.5, ""filters"": 64, ""kernel_size"": 3, ""learning_rate"": 0.0005454639898212328, ""window_sec"": 4}",COMPLETE
13,0.8828095849380562,2026-10-07 18:32:52.935214,2026-10-07 18:33:09.760291,0 days 00:00:16.825077,16,0.5,32,3,0.0003245858493747302,2,2,7,0.08635703918722787,0.8852459016393442,"{""batch_size"": 16, ""dropout"": 0.5, ""filters"": 32, ""kernel_size"": 3, ""learning_rate"": 0.0003245858493747302, ""window_sec"": 2}",COMPLETE
14,0.896655348749119,2026-10-07 18:33:09.929701,2026-10-07 18:33:23.739959,0 days 00:00:13.810258,16,0.2,64,3,0.00022738724929831751,1,1,6,0.09265858873841767,0.8981525343439128,"{""batch_size"": 16, ""dropout"": 0.2, ""filters"": 64, ""kernel_size"": 3, ""learning_rate"": 0.00022738724929831751, ""window_sec"": 1}",COMPLETE
15,0.9141904454427364,2026-10-07 18:33:23.949317,2026-10-07 18:33:34.884006,0 days 00:00:10.934689,32,0.3,64,7,0.0008393890263932166,2,1,6,0.07184325108853411,0.9156219864995179,"{""batch_size"": 32, ""dropout"": 0.3, ""filters"": 64, ""kernel_size"": 7, ""learning_rate"": 0.0008393890263932166, ""window_sec"": 2}",COMPLETE
16,0.9129561980070878,2026-10-07 18:33:35.115521,2026-10-07 18:33:45.427825,0 days 00:00:10.312304,32,0.5,64,3,0.000787447638479129,2,1,6,0.04426705370101597,0.9146576663452266,"{""batch_size"": 32, ""dropout"": 0.5, ""filters"": 64, ""kernel_size"": 3, ""learning_rate"": 0.000787447638479129, ""window_sec"": 2}",COMPLETE
17,0.9315513527598359,2026-10-07 18:33:45.592686,2026-10-07 18:34:01.659952,0 days 00:00:16.067266,16,0.3,64,3,0.0002141278031955219,2,3,8,0.001451378809869376,0.9334619093539055,"{""batch_size"": 16, ""dropout"": 0.3, ""filters"": 64, ""kernel_size"": 3, ""learning_rate"": 0.0002141278031955219, ""window_sec"": 2}",COMPLETE
18,0.9161673149346746,2026-10-07 18:34:01.877993,2026-10-07 18:34:27.085194,0 days 00:00:25.207201,16,0.3,64,3,0.00014917662836525444,2,10,15,0.07111756168359942,0.9156219864995179,"{""batch_size"": 16, ""dropout"": 0.3, ""filters"": 64, ""kernel_size"": 3, ""learning_rate"": 0.00014917662836525444, ""window_sec"": 2}",COMPLETE
19,0.888080371823435,2026-10-07 18:34:27.278992,2026-10-07 18:34:41.867259,0 days 00:00:14.588267,16,0.3,64,7,0.00034810343617879604,4,1,6,0.08819133034379671,0.891044776119403,"{""batch_size"": 16, ""dropout"": 0.3, ""filters"": 64, ""kernel_size"": 7, ""learning_rate"": 0.00034810343617879604, ""window_sec"": 4}",COMPLETE
