number,value,datetime_start,datetime_complete,duration,params_batch_size,params_dropout,params_learning_rate,params_units,params_window_sec,user_attrs_best_epoch,user_attrs_epochs_run,user_attrs_false_auth_rate,user_attrs_validation_accuracy,system_attrs_tpe:relative_params:0,state
0,0.8528885150438869,2026-10-07 18:34:43.332650,2026-10-07 18:36:36.380247,0 days 00:01:53.047597,16,0.3,0.0005105903209394755,64,2,4.0,9.0,0.0899854862119013,0.8553519768563163,,COMPLETE
1,0.521223005150485,2026-10-07 18:36:36.625143,2026-10-07 18:37:06.599351,0 days 00:00:29.974208,32,0.3,0.00019594972058679176,128,1,1.0,6.0,0.203136136849608,0.5949786830885836,,COMPLETE
2,0.8479258458111213,2026-10-07 18:37:06.835963,2026-10-07 18:38:02.707456,0 days 00:00:55.871493,32,0.5,0.0006432759992849892,128,4,2.0,7.0,0.10164424514200299,0.8527363184079602,,COMPLETE
3,0.46813349107359653,2026-10-07 18:38:03.047411,2026-10-07 18:38:54.313629,0 days 00:00:51.266218,32,0.2,0.0003521358805467869,64,4,1.0,6.0,0.5440956651718983,0.5557213930348258,,COMPLETE
4,0.7929850542210093,2026-10-07 18:38:54.682610,2026-10-07 18:39:52.936084,0 days 00:00:58.253474,16,0.5,0.000186788025710707,32,1,1.0,6.0,0.11332858161083392,0.7915679772619612,,COMPLETE
5,0.9017064379654611,2026-10-07 18:39:53.177522,2026-10-07 18:41:01.380687,0 days 00:01:08.203165,32,0.5,0.0005091635945818553,64,4,3.0,8.0,0.08445440956651719,0.9044776119402985,,COMPLETE
6,0.8130528652468052,2026-10-07 18:41:01.779910,2026-10-07 18:43:26.849937,0 days 00:02:25.070027,16,0.5,0.00043406770118894003,32,4,4.0,9.0,0.13079222720478326,0.8129353233830846,,COMPLETE
7,0.7740953130468786,2026-10-07 18:43:27.271078,2026-10-07 18:44:41.425661,0 days 00:01:14.154583,16,0.2,0.00010750512925563073,32,2,1.0,6.0,0.1378809869375907,0.772420443587271,,COMPLETE
8,0.8656836974405139,2026-10-07 18:44:41.769699,2026-10-07 18:46:40.797781,0 days 00:01:59.028082,16,0.5,0.000642865884883182,64,1,8.0,13.0,0.11119030648610122,0.8659403126480341,,COMPLETE
9,0.8694723553580287,2026-10-07 18:46:41.185607,2026-10-07 18:48:17.662232,0 days 00:01:36.476625,32,0.5,0.0006576801979658926,32,2,11.0,16.0,0.10667634252539913,0.8702989392478303,,COMPLETE
10,0.87807688395926,2026-10-07 18:48:18.048063,2026-10-07 18:48:59.513837,0 days 00:00:41.465774,64,0.5,0.0009393965854423541,64,4,4.0,9.0,0.11434977578475336,0.8820895522388059,"{""batch_size"": 64, ""dropout"": 0.5, ""learning_rate"": 0.0009393965854423541, ""units"": 64, ""window_sec"": 4}",COMPLETE
11,0.8614602179724411,2026-10-07 18:48:59.888803,2026-10-07 18:49:37.501289,0 days 00:00:37.612486,64,0.5,0.0007751969206413826,64,4,3.0,8.0,0.09790732436472346,0.8646766169154229,"{""batch_size"": 64, ""dropout"": 0.5, ""learning_rate"": 0.0007751969206413826, ""units"": 64, ""window_sec"": 4}",COMPLETE
12,0.6023423102292617,2026-10-07 18:49:37.997614,2026-10-07 18:50:05.917671,0 days 00:00:27.920057,64,0.5,0.0003419471452887287,64,4,1.0,6.0,0.2757847533632287,0.6398009950248756,"{""batch_size"": 64, ""dropout"": 0.5, ""learning_rate"": 0.0003419471452887287, ""units"": 64, ""window_sec"": 4}",COMPLETE
13,0.5681437141079194,2026-10-07 18:50:06.450537,2026-10-07 18:51:10.357653,0 days 00:01:03.907116,32,0.3,0.0005397401233604785,64,4,2.0,7.0,0.052316890881913304,0.5950248756218905,"{""batch_size"": 32, ""dropout"": 0.3, ""learning_rate"": 0.0005397401233604785, ""units"": 64, ""window_sec"": 4}",COMPLETE
14,0.7777063101388587,2026-10-07 18:51:10.850386,2026-10-07 18:52:07.716090,0 days 00:00:56.865704,32,0.5,0.0009764408542501327,64,2,4.0,9.0,0.15820029027576196,0.7820636451301832,"{""batch_size"": 32, ""dropout"": 0.5, ""learning_rate"": 0.0009764408542501327, ""units"": 64, ""window_sec"": 2}",COMPLETE
15,0.8206250978157125,2026-10-07 18:52:08.185605,2026-10-07 18:52:39.093209,0 days 00:00:30.907604,64,0.2,0.0009922089730450018,128,2,5.0,10.0,0.14223512336719885,0.819672131147541,"{""batch_size"": 64, ""dropout"": 0.2, ""learning_rate"": 0.0009922089730450018, ""units"": 128, ""window_sec"": 2}",COMPLETE
16,0.8987950093085004,2026-10-07 18:52:39.565345,2026-10-07 18:53:45.112978,0 days 00:01:05.547633,32,0.5,0.0004276516253594765,64,2,6.0,11.0,0.08563134978229318,0.9006750241080038,"{""batch_size"": 32, ""dropout"": 0.5, ""learning_rate"": 0.0004276516253594765, ""units"": 64, ""window_sec"": 2}",COMPLETE
17,0.8683977652927003,2026-10-07 18:53:45.587741,2026-10-07 18:55:25.546207,0 days 00:01:39.958466,32,0.5,0.0004056238640116177,64,2,11.0,16.0,0.08925979680696662,0.8707810993249759,"{""batch_size"": 32, ""dropout"": 0.5, ""learning_rate"": 0.0004056238640116177, ""units"": 64, ""window_sec"": 2}",COMPLETE
18,0.6009218936376843,2026-10-07 18:55:25.993902,2026-10-07 18:55:56.358662,0 days 00:00:30.364760,32,0.5,0.00021890878220072541,64,1,1.0,6.0,0.5124732715609408,0.6276646139270488,"{""batch_size"": 32, ""dropout"": 0.5, ""learning_rate"": 0.00021890878220072541, ""units"": 64, ""window_sec"": 1}",COMPLETE
19,0.47575806818551136,2026-10-07 18:55:56.828149,2026-10-07 18:56:41.890721,0 days 00:00:45.062572,32,0.5,0.00023133214945034736,128,2,,,,,"{""batch_size"": 32, ""dropout"": 0.5, ""learning_rate"": 0.00023133214945034736, ""units"": 128, ""window_sec"": 2}",PRUNED
