number,value,datetime_start,datetime_complete,duration,params_batch_size,params_dropout,params_filters,params_kernel_size,params_learning_rate,params_window_sec,user_attrs_best_epoch,user_attrs_epochs_run,user_attrs_false_auth_rate,user_attrs_validation_accuracy,system_attrs_tpe:relative_params:0,state
0,0.8714485985216829,2026-10-07 18:56:43.906530,2026-10-07 18:57:05.450196,0 days 00:00:21.543666,16,0.3,64,3,0.0005105903209394755,2,2.0,7.0,0.10298295454545454,0.872148288973384,,COMPLETE
1,0.8930987294214908,2026-10-07 18:57:05.936104,2026-10-07 18:57:24.129801,0 days 00:00:18.193697,64,0.5,32,5,0.0002858051065806936,4,7.0,12.0,0.06976744186046512,0.89453125,,COMPLETE
2,0.9258540130191126,2026-10-07 18:57:24.594971,2026-10-07 18:57:48.454709,0 days 00:00:23.859738,32,0.5,64,5,0.00027551959649510803,1,15.0,20.0,0.018960674157303372,0.9263602251407129,,COMPLETE
3,0.9164339521683473,2026-10-07 18:57:48.964192,2026-10-07 18:58:04.208975,0 days 00:00:15.244783,64,0.3,32,7,0.00039618677904065835,1,10.0,15.0,0.03651685393258427,0.9169793621013134,,COMPLETE
4,0.8864071580143177,2026-10-07 18:58:04.705232,2026-10-07 18:58:16.538255,0 days 00:00:11.833023,64,0.3,32,5,0.0009702573394120733,4,4.0,9.0,0.08502906976744186,0.88818359375,,COMPLETE
5,0.9212709896430004,2026-10-07 18:58:17.142928,2026-10-07 18:58:33.543669,0 days 00:00:16.400741,64,0.2,64,5,0.00020463613363481617,2,9.0,14.0,0.03125,0.9220532319391636,,COMPLETE
6,0.9201418924944599,2026-10-07 18:58:34.077595,2026-10-07 18:58:53.152292,0 days 00:00:19.074697,32,0.2,64,7,0.00012820100418916918,4,9.0,14.0,0.032703488372093026,0.92138671875,,COMPLETE
7,0.9125675304053155,2026-10-07 18:58:53.672297,2026-10-07 18:59:04.392661,0 days 00:00:10.720364,64,0.3,32,5,0.00042993594547314416,4,2.0,7.0,0.04505813953488372,0.9140625,,COMPLETE
8,0.9080292485272906,2026-10-07 18:59:05.043118,2026-10-07 18:59:18.357881,0 days 00:00:13.314763,64,0.3,32,7,0.0003241509528627275,2,3.0,8.0,0.040482954545454544,0.9082699619771863,,COMPLETE
9,0.4653935488886945,2026-10-07 18:59:18.938048,2026-10-07 18:59:33.644235,0 days 00:00:14.706187,32,0.3,64,3,0.00019268171109476225,4,,,,,,PRUNED
10,0.9244177618071578,2026-10-07 18:59:34.241404,2026-10-07 18:59:48.905099,0 days 00:00:14.663695,32,0.5,64,3,0.0006272672978791977,1,5.0,10.0,0.026685393258426966,0.924953095684803,"{""batch_size"": 32, ""dropout"": 0.5, ""filters"": 64, ""kernel_size"": 3, ""learning_rate"": 0.0006272672978791977, ""window_sec"": 1}",COMPLETE
11,0.929022665518537,2026-10-07 18:59:49.588661,2026-10-07 19:00:03.129184,0 days 00:00:13.540523,32,0.5,64,5,0.0004127134692667627,1,4.0,9.0,0.016853932584269662,0.9296435272045028,"{""batch_size"": 32, ""dropout"": 0.5, ""filters"": 64, ""kernel_size"": 5, ""learning_rate"": 0.0004127134692667627, ""window_sec"": 1}",COMPLETE
12,0.9085275340434343,2026-10-07 19:00:03.777787,2026-10-07 19:00:22.821470,0 days 00:00:19.043683,16,0.5,64,5,0.00028757708352170557,1,3.0,8.0,0.051264044943820225,0.9090056285178236,"{""batch_size"": 16, ""dropout"": 0.5, ""filters"": 64, ""kernel_size"": 5, ""learning_rate"": 0.00028757708352170557, ""window_sec"": 1}",COMPLETE
13,0.867156716634471,2026-10-07 19:00:23.485080,2026-10-07 19:00:35.589724,0 days 00:00:12.104644,32,0.2,64,5,0.0005467738528155038,1,2.0,7.0,0.11235955056179775,0.8677298311444653,"{""batch_size"": 32, ""dropout"": 0.2, ""filters"": 64, ""kernel_size"": 5, ""learning_rate"": 0.0005467738528155038, ""window_sec"": 1}",COMPLETE
14,0.49008642556712884,2026-10-07 19:00:36.269646,2026-10-07 19:00:50.261874,0 days 00:00:13.992228,32,0.5,64,5,0.0003717295501384322,2,,,,,"{""batch_size"": 32, ""dropout"": 0.5, ""filters"": 64, ""kernel_size"": 5, ""learning_rate"": 0.0003717295501384322, ""window_sec"": 2}",PRUNED
15,0.92344558958861,2026-10-07 19:00:50.958810,2026-10-07 19:01:03.912821,0 days 00:00:12.954011,32,0.5,64,5,0.0001748263205056169,1,3.0,8.0,0.023876404494382022,0.924015009380863,"{""batch_size"": 32, ""dropout"": 0.5, ""filters"": 64, ""kernel_size"": 5, ""learning_rate"": 0.0001748263205056169, ""window_sec"": 1}",COMPLETE
16,0.8279912317028773,2026-10-07 19:01:04.648701,2026-10-07 19:01:23.972598,0 days 00:00:19.323897,16,0.5,32,5,0.0005073856997397654,1,,,,,"{""batch_size"": 16, ""dropout"": 0.5, ""filters"": 32, ""kernel_size"": 5, ""learning_rate"": 0.0005073856997397654, ""window_sec"": 1}",PRUNED
17,0.9178920255521912,2026-10-07 19:01:24.695094,2026-10-07 19:01:43.314309,0 days 00:00:18.619215,16,0.5,64,3,0.00016637523657568175,1,5.0,10.0,0.0351123595505618,0.9183864915572233,"{""batch_size"": 16, ""dropout"": 0.5, ""filters"": 64, ""kernel_size"": 3, ""learning_rate"": 0.00016637523657568175, ""window_sec"": 1}",COMPLETE
18,0.9253689903712671,2026-10-07 19:01:43.974240,2026-10-07 19:02:02.295320,0 days 00:00:18.321080,32,0.5,64,5,0.000718014109744177,4,7.0,12.0,0.027616279069767442,0.9267578125,"{""batch_size"": 32, ""dropout"": 0.5, ""filters"": 64, ""kernel_size"": 5, ""learning_rate"": 0.000718014109744177, ""window_sec"": 4}",COMPLETE
19,0.9158538814845462,2026-10-07 19:02:02.964544,2026-10-07 19:02:15.933033,0 days 00:00:12.968489,32,0.3,64,5,0.0002612615085267019,1,3.0,8.0,0.03300561797752809,0.9160412757973734,"{""batch_size"": 32, ""dropout"": 0.3, ""filters"": 64, ""kernel_size"": 5, ""learning_rate"": 0.0002612615085267019, ""window_sec"": 1}",COMPLETE
