number,value,datetime_start,datetime_complete,duration,params_batch_size,params_dropout,params_learning_rate,params_units,params_window_sec,user_attrs_best_epoch,user_attrs_epochs_run,user_attrs_false_auth_rate,user_attrs_validation_accuracy,system_attrs_tpe:relative_params:0,state
0,0.8634496659308292,2026-10-07 19:02:18.324664,2026-10-07 19:03:45.050365,0 days 00:01:26.725701,16,0.3,0.0005105903209394755,64,2,2.0,7.0,0.10085227272727272,0.8635931558935361,,COMPLETE
1,0.8735991926197669,2026-10-07 19:03:45.750976,2026-10-07 19:04:17.660024,0 days 00:00:31.909048,32,0.3,0.00019594972058679176,128,1,1.0,6.0,0.10112359550561797,0.874296435272045,,COMPLETE
2,0.8597496464808069,2026-10-07 19:04:18.334363,2026-10-07 19:05:37.228560,0 days 00:01:18.894197,32,0.5,0.0006432759992849892,128,4,5.0,10.0,0.11482558139534883,0.861328125,,COMPLETE
3,0.7582839240782867,2026-10-07 19:05:37.971149,2026-10-07 19:06:30.880868,0 days 00:00:52.909719,32,0.2,0.0003521358805467869,64,4,1.0,6.0,0.2136627906976744,0.75634765625,,COMPLETE
4,0.8822096851723108,2026-10-07 19:06:31.620638,2026-10-07 19:08:33.345116,0 days 00:02:01.724478,16,0.5,0.000186788025710707,32,1,8.0,13.0,0.09058988764044944,0.8822701688555347,,COMPLETE
5,0.8695578198086452,2026-10-07 19:08:34.061530,2026-10-07 19:09:34.813361,0 days 00:01:00.751831,32,0.5,0.0005091635945818553,64,4,2.0,7.0,0.037063953488372096,0.86865234375,,COMPLETE
6,0.884209024907349,2026-10-07 19:09:35.560037,2026-10-07 19:11:17.755752,0 days 00:01:42.195715,16,0.5,0.00043406770118894003,32,4,1.0,6.0,0.08284883720930232,0.88623046875,,COMPLETE
7,0.8624137629515266,2026-10-07 19:11:18.538654,2026-10-07 19:13:01.702990,0 days 00:01:43.164336,16,0.2,0.00010750512925563073,32,2,4.0,9.0,0.11363636363636363,0.8635931558935361,,COMPLETE
8,0.8887706828531726,2026-10-07 19:13:02.476761,2026-10-07 19:15:20.499459,0 days 00:02:18.022698,16,0.5,0.000642865884883182,64,1,10.0,15.0,0.06811797752808989,0.8888367729831145,,COMPLETE
9,0.5147701358850841,2026-10-07 19:15:21.275639,2026-10-07 19:16:01.195400,0 days 00:00:39.919761,32,0.5,0.0006576801979658926,32,2,,,,,,PRUNED
10,0.47260321820913864,2026-10-07 19:16:02.009269,2026-10-07 19:17:04.160304,0 days 00:01:02.151035,16,0.3,0.00024960844407167886,64,1,,,,,"{""batch_size"": 16, ""dropout"": 0.3, ""learning_rate"": 0.00024960844407167886, ""units"": 64, ""window_sec"": 1}",PRUNED
11,0.8962202021791928,2026-10-07 19:17:04.975061,2026-10-07 19:18:45.072315,0 days 00:01:40.097254,16,0.5,0.00045857831358688786,32,4,1.0,6.0,0.06758720930232558,0.89794921875,"{""batch_size"": 16, ""dropout"": 0.5, ""learning_rate"": 0.00045857831358688786, ""units"": 32, ""window_sec"": 4}",COMPLETE
12,0.9049267218262274,2026-10-07 19:18:45.920486,2026-10-07 19:20:38.296156,0 days 00:01:52.375670,16,0.5,0.0007361763490964098,128,1,7.0,12.0,0.047050561797752806,0.9052532833020638,"{""batch_size"": 16, ""dropout"": 0.5, ""learning_rate"": 0.0007361763490964098, ""units"": 128, ""window_sec"": 1}",COMPLETE
13,0.4973018762548669,2026-10-07 19:20:39.055374,2026-10-07 19:21:39.271836,0 days 00:01:00.216462,16,0.5,0.0008984451120973389,128,1,,,,,"{""batch_size"": 16, ""dropout"": 0.5, ""learning_rate"": 0.0008984451120973389, ""units"": 128, ""window_sec"": 1}",PRUNED
14,0.8585585840672084,2026-10-07 19:21:40.113092,2026-10-07 19:22:13.851655,0 days 00:00:33.738563,64,0.3,0.0006145223104102551,32,4,2.0,7.0,0.08938953488372094,0.85888671875,"{""batch_size"": 64, ""dropout"": 0.3, ""learning_rate"": 0.0006145223104102551, ""units"": 32, ""window_sec"": 4}",COMPLETE
15,0.8755377454532556,2026-10-07 19:22:14.681428,2026-10-07 19:24:38.511204,0 days 00:02:23.829776,16,0.5,0.0007856641289448433,32,4,4.0,9.0,0.1002906976744186,0.876953125,"{""batch_size"": 16, ""dropout"": 0.5, ""learning_rate"": 0.0007856641289448433, ""units"": 32, ""window_sec"": 4}",COMPLETE
16,0.866526549458202,2026-10-07 19:24:39.358683,2026-10-07 19:26:18.989881,0 days 00:01:39.631198,16,0.5,0.0002098609051140769,128,4,1.0,6.0,0.09593023255813954,0.8681640625,"{""batch_size"": 16, ""dropout"": 0.5, ""learning_rate"": 0.0002098609051140769, ""units"": 128, ""window_sec"": 4}",COMPLETE
17,0.901058688009455,2026-10-07 19:26:19.889581,2026-10-07 19:26:47.329970,0 days 00:00:27.440389,64,0.3,0.00057010700919772,128,1,5.0,10.0,0.060393258426966294,0.9015009380863039,"{""batch_size"": 64, ""dropout"": 0.3, ""learning_rate"": 0.00057010700919772, ""units"": 128, ""window_sec"": 1}",COMPLETE
18,0.8991459582870028,2026-10-07 19:26:48.226668,2026-10-07 19:27:31.784452,0 days 00:00:43.557784,64,0.3,0.0005444665354120791,128,1,11.0,16.0,0.061095505617977525,0.899624765478424,"{""batch_size"": 64, ""dropout"": 0.3, ""learning_rate"": 0.0005444665354120791, ""units"": 128, ""window_sec"": 1}",COMPLETE
19,0.9056979816165449,2026-10-07 19:27:32.692548,2026-10-07 19:28:12.762872,0 days 00:00:40.070324,64,0.3,0.0002940190058220145,128,2,8.0,13.0,0.05397727272727273,0.9063688212927756,"{""batch_size"": 64, ""dropout"": 0.3, ""learning_rate"": 0.0002940190058220145, ""units"": 128, ""window_sec"": 2}",COMPLETE
