number,value,datetime_start,datetime_complete,duration,params_batch_size,params_dropout,params_filters,params_kernel_size,params_learning_rate,params_window_sec,user_attrs_best_epoch,user_attrs_epochs_run,user_attrs_false_auth_rate,user_attrs_validation_accuracy,system_attrs_tpe:relative_params:0,state
0,0.9286937495102897,2026-10-07 19:28:15.743755,2026-10-07 19:28:39.360615,0 days 00:00:23.616860,16,0.3,64,3,0.0005105903209394755,2,4.0,9.0,0.0050798258345428155,0.9300867888138862,,COMPLETE
1,0.9158201250457303,2026-10-07 19:28:40.340295,2026-10-07 19:28:58.813514,0 days 00:00:18.473219,64,0.5,32,5,0.0002858051065806936,4,3.0,8.0,0.00523168908819133,0.9189054726368159,,COMPLETE
2,0.9280470560054429,2026-10-07 19:28:59.844751,2026-10-07 19:29:14.734950,0 days 00:00:14.890199,32,0.5,64,5,0.00027551959649510803,1,2.0,7.0,0.024233784746970778,0.9289436286120322,,COMPLETE
3,0.8584017515689543,2026-10-07 19:29:15.668439,2026-10-07 19:29:28.275956,0 days 00:00:12.607517,64,0.3,32,7,0.00039618677904065835,1,1.0,6.0,0.003563791874554526,0.8659403126480341,,COMPLETE
4,0.9300806400868908,2026-10-07 19:29:29.226544,2026-10-07 19:29:42.734379,0 days 00:00:13.507835,64,0.3,32,5,0.0009702573394120733,4,2.0,7.0,0.0029895366218236174,0.9323383084577115,,COMPLETE
5,0.9588664352721524,2026-10-07 19:29:43.697043,2026-10-07 19:29:57.087869,0 days 00:00:13.390826,64,0.2,64,5,0.00020463613363481617,2,2.0,7.0,0.002902757619738752,0.9594985535197685,,COMPLETE
6,0.920987241857648,2026-10-07 19:29:58.234199,2026-10-07 19:30:23.529940,0 days 00:00:25.295741,32,0.2,64,7,0.00012820100418916918,4,11.0,16.0,0.006726457399103139,0.9233830845771144,,COMPLETE
7,0.9150987525104547,2026-10-07 19:30:24.490979,2026-10-07 19:30:39.032674,0 days 00:00:14.541695,64,0.3,32,5,0.00042993594547314416,4,2.0,7.0,0.002242152466367713,0.918407960199005,,COMPLETE
8,0.9073639910171711,2026-10-07 19:30:40.054636,2026-10-07 19:30:53.494572,0 days 00:00:13.439936,64,0.3,32,7,0.0003241509528627275,2,2.0,7.0,0.0050798258345428155,0.9103182256509161,,COMPLETE
9,0.9335004791287274,2026-10-07 19:30:54.519773,2026-10-07 19:31:09.822736,0 days 00:00:15.302963,32,0.3,64,3,0.00019268171109476225,4,1.0,6.0,0.005979073243647235,0.9353233830845771,,COMPLETE
10,0.9544548226808298,2026-10-07 19:31:10.843263,2026-10-07 19:31:23.226004,0 days 00:00:12.382741,64,0.2,64,5,0.0001497709374839113,2,2.0,7.0,0.007982583454281567,0.9551591128254581,"{""batch_size"": 64, ""dropout"": 0.2, ""filters"": 64, ""kernel_size"": 5, ""learning_rate"": 0.0001497709374839113, ""window_sec"": 2}",COMPLETE
11,0.9598819689000916,2026-10-07 19:31:24.293575,2026-10-07 19:31:36.823876,0 days 00:00:12.530301,64,0.2,64,5,0.00015874432233988704,2,2.0,7.0,0.0021770682148040637,0.9604628736740598,"{""batch_size"": 64, ""dropout"": 0.2, ""filters"": 64, ""kernel_size"": 5, ""learning_rate"": 0.00015874432233988704, ""window_sec"": 2}",COMPLETE
12,0.9222439897970922,2026-10-07 19:31:37.849533,2026-10-07 19:31:51.333553,0 days 00:00:13.484020,64,0.2,64,5,0.0006279473099034218,2,3.0,8.0,0.03555878084179971,0.9233365477338477,"{""batch_size"": 64, ""dropout"": 0.2, ""filters"": 64, ""kernel_size"": 5, ""learning_rate"": 0.0006279473099034218, ""window_sec"": 2}",COMPLETE
13,0.8982353838424206,2026-10-07 19:31:52.404346,2026-10-07 19:32:13.985254,0 days 00:00:21.580908,16,0.2,32,5,0.0002421211173687146,2,5.0,10.0,0.0050798258345428155,0.9011571841851495,"{""batch_size"": 16, ""dropout"": 0.2, ""filters"": 32, ""kernel_size"": 5, ""learning_rate"": 0.0002421211173687146, ""window_sec"": 2}",COMPLETE
14,0.9323247215382242,2026-10-07 19:32:15.045377,2026-10-07 19:32:31.403120,0 days 00:00:16.357743,16,0.5,64,5,0.00010072614291379537,2,1.0,6.0,0.034107402031930335,0.9334619093539055,"{""batch_size"": 16, ""dropout"": 0.5, ""filters"": 64, ""kernel_size"": 5, ""learning_rate"": 0.00010072614291379537, ""window_sec"": 2}",COMPLETE
15,0.4833436319753539,2026-10-07 19:32:32.457742,2026-10-07 19:32:44.585134,0 days 00:00:12.127392,64,0.5,64,3,0.0002065588296625484,2,,,,,"{""batch_size"": 64, ""dropout"": 0.5, ""filters"": 64, ""kernel_size"": 3, ""learning_rate"": 0.0002065588296625484, ""window_sec"": 2}",PRUNED
16,0.9231002399974644,2026-10-07 19:32:45.651250,2026-10-07 19:32:57.959960,0 days 00:00:12.308710,64,0.2,32,7,0.00010160934124550784,1,3.0,8.0,0.03421240199572345,0.9242065371861677,"{""batch_size"": 64, ""dropout"": 0.2, ""filters"": 32, ""kernel_size"": 7, ""learning_rate"": 0.00010160934124550784, ""window_sec"": 1}",COMPLETE
17,0.8927921560638019,2026-10-07 19:32:59.034383,2026-10-07 19:33:14.890088,0 days 00:00:15.855705,64,0.2,64,5,0.00030401869370694657,1,2.0,7.0,0.0684248039914469,0.8929417337754618,"{""batch_size"": 64, ""dropout"": 0.2, ""filters"": 64, ""kernel_size"": 5, ""learning_rate"": 0.00030401869370694657, ""window_sec"": 1}",COMPLETE
18,0.9240897289515347,2026-10-07 19:33:15.946905,2026-10-07 19:33:29.698483,0 days 00:00:13.751578,32,0.2,64,7,0.0002917108403428518,2,1.0,6.0,0.033381712626995644,0.9252651880424301,"{""batch_size"": 32, ""dropout"": 0.2, ""filters"": 64, ""kernel_size"": 7, ""learning_rate"": 0.0002917108403428518, ""window_sec"": 2}",COMPLETE
19,0.9177346208580079,2026-10-07 19:33:30.780774,2026-10-07 19:33:42.806424,0 days 00:00:12.025650,64,0.2,32,5,0.00018915108275702335,1,2.0,7.0,0.008553100498930863,0.9194694457603032,"{""batch_size"": 64, ""dropout"": 0.2, ""filters"": 32, ""kernel_size"": 5, ""learning_rate"": 0.00018915108275702335, ""window_sec"": 1}",COMPLETE
