number,value,datetime_start,datetime_complete,duration,params_batch_size,params_dropout,params_learning_rate,params_units,params_window_sec,user_attrs_best_epoch,user_attrs_epochs_run,user_attrs_false_auth_rate,user_attrs_validation_accuracy,system_attrs_tpe:relative_params:0,state
0,0.8881621886471586,2026-10-07 19:33:46.025374,2026-10-07 19:35:25.592612,0 days 00:01:39.567238,16,0.3,0.0005105903209394755,64,2,3.0,8.0,0.10304789550072568,0.8900675024108003,,COMPLETE
1,0.9204981787274455,2026-10-07 19:35:26.735723,2026-10-07 19:36:05.090106,0 days 00:00:38.354383,32,0.3,0.00019594972058679176,128,1,2.0,7.0,0.03492516037063435,0.9204168640454761,,COMPLETE
2,0.9585120932686709,2026-10-07 19:36:06.210424,2026-10-07 19:37:46.706408,0 days 00:01:40.495984,32,0.5,0.0006432759992849892,128,4,8.0,13.0,0.01195814648729447,0.9592039800995025,,COMPLETE
3,0.5469543270514468,2026-10-07 19:37:47.843279,2026-10-07 19:38:50.936854,0 days 00:01:03.093575,32,0.2,0.0003521358805467869,64,4,2.0,7.0,0.3617339312406577,0.6,,COMPLETE
4,0.903058243288919,2026-10-07 19:38:52.127185,2026-10-07 19:39:53.389823,0 days 00:01:01.262638,16,0.5,0.000186788025710707,32,1,1.0,6.0,0.10406272273699216,0.9019422074846044,,COMPLETE
5,0.5493675917138979,2026-10-07 19:39:54.547766,2026-10-07 19:41:09.526073,0 days 00:01:14.978307,32,0.5,0.0005091635945818553,64,4,,,,,,PRUNED
6,0.8131014169242022,2026-10-07 19:41:10.729636,2026-10-07 19:42:58.200436,0 days 00:01:47.470800,16,0.5,0.00043406770118894003,32,4,1.0,6.0,0.002242152466367713,0.8079601990049752,,COMPLETE
7,0.9559153375169585,2026-10-07 19:42:59.365117,2026-10-07 19:44:17.494152,0 days 00:01:18.129035,16,0.2,0.00010750512925563073,32,2,1.0,6.0,0.020319303338171262,0.9566055930568949,,COMPLETE
8,0.9461947924904172,2026-10-07 19:44:18.660002,2026-10-07 19:45:19.901283,0 days 00:01:01.241281,16,0.5,0.000642865884883182,64,1,1.0,6.0,0.009978617248752673,0.9459971577451445,,COMPLETE
9,0.9514533938001953,2026-10-07 19:45:21.128190,2026-10-07 19:46:01.074963,0 days 00:00:39.946773,32,0.5,0.0006576801979658926,32,2,1.0,6.0,0.002902757619738752,0.9522661523625844,,COMPLETE
10,0.7733887894806847,2026-10-07 19:46:02.257488,2026-10-07 19:46:31.303096,0 days 00:00:29.045608,64,0.5,0.0009429927338026761,128,4,1.0,6.0,0.028400597907324365,0.781592039800995,"{""batch_size"": 64, ""dropout"": 0.5, ""learning_rate"": 0.0009429927338026761, ""units"": 128, ""window_sec"": 4}",COMPLETE
11,0.9405561646855439,2026-10-07 19:46:32.481919,2026-10-07 19:47:46.768833,0 days 00:01:14.286914,16,0.2,0.0001877916068662149,32,2,1.0,6.0,0.002902757619738752,0.9416586306653809,"{""batch_size"": 16, ""dropout"": 0.2, ""learning_rate"": 0.0001877916068662149, ""units"": 32, ""window_sec"": 2}",COMPLETE
12,0.8925228308944654,2026-10-07 19:47:47.963709,2026-10-07 19:49:03.114037,0 days 00:01:15.150328,16,0.2,0.0003792892981408371,32,2,1.0,6.0,0.006531204644412192,0.8910318225650916,"{""batch_size"": 16, ""dropout"": 0.2, ""learning_rate"": 0.0003792892981408371, ""units"": 32, ""window_sec"": 2}",COMPLETE
13,0.6458544163578862,2026-10-07 19:49:04.335542,2026-10-07 19:50:17.937196,0 days 00:01:13.601654,16,0.2,0.0007106773565360117,32,2,1.0,6.0,0.1444121915820029,0.6837029893924783,"{""batch_size"": 16, ""dropout"": 0.2, ""learning_rate"": 0.0007106773565360117, ""units"": 32, ""window_sec"": 2}",COMPLETE
14,0.9785604397666084,2026-10-07 19:50:19.113213,2026-10-07 19:51:10.144783,0 days 00:00:51.031570,32,0.5,0.00020713090445879573,128,4,1.0,6.0,0.002242152466367713,0.9791044776119403,"{""batch_size"": 32, ""dropout"": 0.5, ""learning_rate"": 0.00020713090445879573, ""units"": 128, ""window_sec"": 4}",COMPLETE
15,0.9821609884064378,2026-10-07 19:51:11.355075,2026-10-07 19:52:01.153667,0 days 00:00:49.798592,32,0.5,0.00015463708440294872,128,4,1.0,6.0,0.002242152466367713,0.9825870646766169,"{""batch_size"": 32, ""dropout"": 0.5, ""learning_rate"": 0.00015463708440294872, ""units"": 128, ""window_sec"": 4}",COMPLETE
16,0.9808040786973288,2026-10-07 19:52:02.383153,2026-10-07 19:52:57.236378,0 days 00:00:54.853225,32,0.5,0.00018118565890853843,128,4,2.0,7.0,0.0029895366218236174,0.981094527363184,"{""batch_size"": 32, ""dropout"": 0.5, ""learning_rate"": 0.00018118565890853843, ""units"": 128, ""window_sec"": 4}",COMPLETE
17,0.9780782656586515,2026-10-07 19:52:58.470943,2026-10-07 19:53:31.722158,0 days 00:00:33.251215,32,0.5,0.00013267498668318513,128,1,1.0,6.0,0.01924447612259444,0.9782093794410233,"{""batch_size"": 32, ""dropout"": 0.5, ""learning_rate"": 0.00013267498668318513, ""units"": 128, ""window_sec"": 1}",COMPLETE
18,0.9596807170795912,2026-10-07 19:53:32.963621,2026-10-07 19:54:12.134447,0 days 00:00:39.170826,64,0.5,0.00018190253606703325,64,4,3.0,8.0,0.02092675635276532,0.9606965174129353,"{""batch_size"": 64, ""dropout"": 0.5, ""learning_rate"": 0.00018190253606703325, ""units"": 64, ""window_sec"": 4}",COMPLETE
19,0.9564432942102005,2026-10-07 19:54:13.385195,2026-10-07 19:55:17.833148,0 days 00:01:04.447953,32,0.5,0.00010581718463980408,64,2,5.0,10.0,0.02830188679245283,0.9570877531340405,"{""batch_size"": 32, ""dropout"": 0.5, ""learning_rate"": 0.00010581718463980408, ""units"": 64, ""window_sec"": 2}",COMPLETE
